# JRE version: Java(TM) SE Runtime Environment 18.9 (11.0.10+8) (build 11.0.10+8-LTS-162)
# Java VM: Java HotSpot(TM) 64-Bit Server VM 18.9 (11.0.10+8-LTS-162, mixed mode, tiered, compressed oops, g1 gc, windows-amd64)
Heap:
 garbage-first heap   total 374784K, used 93295K [0x0000000703400000, 0x0000000800000000)
  region size 1024K, 29 young (29696K), 8 survivors (8192K)
 Metaspace       used 91911K, capacity 94149K, committed 94336K, reserved 1132544K
  class space    used 10969K, capacity 11878K, committed 11904K, reserved 1048576K
GC Heap History (10 events):
Event: 249836.261 GC heap before
{Heap before GC invocations=16 (full 0):
 garbage-first heap   total 374784K, used 288637K [0x0000000703400000, 0x0000000800000000)
  region size 1024K, 219 young (224256K), 9 survivors (9216K)
 Metaspace       used 91652K, capacity 93845K, committed 94080K, reserved 1132544K
  class space    used 10959K, capacity 11869K, committed 11904K, reserved 1048576K
}
Event: 249836.287 GC heap after
{Heap after GC invocations=17 (full 0):
 garbage-first heap   total 374784K, used 72732K [0x0000000703400000, 0x0000000800000000)
  region size 1024K, 8 young (8192K), 8 survivors (8192K)
 Metaspace       used 91652K, capacity 93845K, committed 94080K, reserved 1132544K
  class space    used 10959K, capacity 11869K, committed 11904K, reserved 1048576K
}
Event: 309347.303 GC heap before
{Heap before GC invocations=17 (full 0):
 garbage-first heap   total 374784K, used 288796K [0x0000000703400000, 0x0000000800000000)
  region size 1024K, 219 young (224256K), 8 survivors (8192K)
 Metaspace       used 91711K, capacity 93973K, committed 94080K, reserved 1132544K
  class space    used 10962K, capacity 11869K, committed 11904K, reserved 1048576K
}
Event: 309347.332 GC heap after
{Heap after GC invocations=18 (full 0):
 garbage-first heap   total 374784K, used 73013K [0x0000000703400000, 0x0000000800000000)
  region size 1024K, 9 young (9216K), 9 survivors (9216K)
 Metaspace       used 91711K, capacity 93973K, committed 94080K, reserved 1132544K
  class space    used 10962K, capacity 11869K, committed 11904K, reserved 1048576K
}
Event: 336083.253 GC heap before
{Heap before GC invocations=18 (full 0):
 garbage-first heap   total 374784K, used 288053K [0x0000000703400000, 0x0000000800000000)
  region size 1024K, 219 young (224256K), 9 survivors (9216K)
 Metaspace       used 91829K, capacity 94049K, committed 94336K, reserved 1132544K
  class space    used 10962K, capacity 11869K, committed 11904K, reserved 1048576K
}
Event: 336083.283 GC heap after
{Heap after GC invocations=19 (full 0):
 garbage-first heap   total 374784K, used 73003K [0x0000000703400000, 0x0000000800000000)
  region size 1024K, 9 young (9216K), 9 survivors (9216K)
 Metaspace       used 91829K, capacity 94049K, committed 94336K, reserved 1132544K
  class space    used 10962K, capacity 11869K, committed 11904K, reserved 1048576K
}
Event: 435087.396 GC heap before
{Heap before GC invocations=19 (full 0):
 garbage-first heap   total 374784K, used 288043K [0x0000000703400000, 0x0000000800000000)
  region size 1024K, 219 young (224256K), 9 survivors (9216K)
 Metaspace       used 91868K, capacity 94131K, committed 94336K, reserved 1132544K
  class space    used 10963K, capacity 11872K, committed 11904K, reserved 1048576K
}
Event: 435087.439 GC heap after
{Heap after GC invocations=20 (full 0):
 garbage-first heap   total 374784K, used 72711K [0x0000000703400000, 0x0000000800000000)
  region size 1024K, 8 young (8192K), 8 survivors (8192K)
 Metaspace       used 91868K, capacity 94131K, committed 94336K, reserved 1132544K
  class space    used 10963K, capacity 11872K, committed 11904K, reserved 1048576K
}
Event: 508121.423 GC heap before
{Heap before GC invocations=20 (full 0):
 garbage-first heap   total 374784K, used 288775K [0x0000000703400000, 0x0000000800000000)
  region size 1024K, 219 young (224256K), 8 survivors (8192K)
 Metaspace       used 91911K, capacity 94149K, committed 94336K, reserved 1132544K
  class space    used 10969K, capacity 11878K, committed 11904K, reserved 1048576K
}
Event: 508121.458 GC heap after
{Heap after GC invocations=21 (full 0):
 garbage-first heap   total 374784K, used 72815K [0x0000000703400000, 0x0000000800000000)
  region size 1024K, 8 young (8192K), 8 survivors (8192K)
 Metaspace       used 91911K, capacity 94149K, committed 94336K, reserved 1132544K
  class space    used 10969K, capacity 11878K, committed 11904K, reserved 1048576K
}

